<?xml version="1.0" encoding="UTF-8"?>
<testng-results ignored="0" total="1" passed="1" failed="0" skipped="0">
  <reporter-output>
  </reporter-output>
  <suite started-at="2023-10-17T13:00:25 IST" name="Default suite" finished-at="2023-10-17T13:01:39 IST" duration-ms="73613">
    <groups>
    </groups>
    <test started-at="2023-10-17T13:00:25 IST" name="Default test" finished-at="2023-10-17T13:01:39 IST" duration-ms="73613">
      <class name="com.testpackage.OpenCartTest">
        <test-method is-config="true" signature="btest()[pri:0, instance:com.testpackage.OpenCartTest@550dbc7a]" started-at="2023-10-17T13:00:25 IST" name="btest" finished-at="2023-10-17T13:00:46 IST" duration-ms="20650" status="PASS">
          <reporter-output>
          </reporter-output>
        </test-method> <!-- btest -->
        <test-method signature="test1()[pri:0, instance:com.testpackage.OpenCartTest@550dbc7a]" started-at="2023-10-17T13:00:46 IST" name="test1" finished-at="2023-10-17T13:01:39 IST" duration-ms="52820" status="PASS">
          <reporter-output>
          </reporter-output>
        </test-method> <!-- test1 -->
      </class> <!-- com.testpackage.OpenCartTest -->
    </test> <!-- Default test -->
  </suite> <!-- Default suite -->
</testng-results>
